\BOOKMARK [0][-]{chapter.1}{\376\377\000W\000p\000r\000o\000w\000a\000d\000z\000e\000n\000i\000e}{}% 1
\BOOKMARK [1][-]{section.1.1}{\376\377\000C\000e\000l\000\040\000i\000\040\000z\000a\000k\000r\000e\000s\000\040\000p\000r\000o\000j\000e\000k\000t\000u}{chapter.1}% 2
\BOOKMARK [1][-]{section.1.2}{\376\377\000W\000y\000m\000a\000g\000a\000n\000i\000a\000\040\000s\000y\000s\000t\000e\000m\000o\000w\000e}{chapter.1}% 3
\BOOKMARK [1][-]{section.1.3}{\376\377\000Z\000a\000s\000t\000o\000s\000o\000w\000a\000n\000e\000\040\000t\000e\000c\000h\000n\000o\000l\000o\000g\000i\000e}{chapter.1}% 4
\BOOKMARK [0][-]{chapter.2}{\376\377\000I\000n\000t\000e\000r\000f\000e\000j\000s\000\040\000u\001\174\000y\000t\000k\000o\000w\000n\000i\000k\000a\000\040\000i\000\040\000f\000u\000n\000k\000c\000j\000o\000n\000a\000l\000n\000o\001\133\000c\000i}{}% 5
\BOOKMARK [1][-]{section.2.1}{\376\377\000L\000o\000g\000o\000w\000a\000n\000i\000e\000\040\000i\000\040\000r\000e\000j\000e\000s\000t\000r\000a\000c\000j\000a\000\040\000u\001\174\000y\000t\000k\000o\000w\000n\000i\000k\000a}{chapter.2}% 6
\BOOKMARK [1][-]{section.2.2}{\376\377\000P\000a\000n\000e\000l\000\040\000u\001\174\000y\000t\000k\000o\000w\000n\000i\000k\000a\000\040\000i\000\040\000o\000f\000e\000r\000t\000y\000\040\000t\000u\000r\000y\000s\000t\000y\000c\000z\000n\000e}{chapter.2}% 7
\BOOKMARK [2][-]{subsection.2.2.1}{\376\377\000F\000i\000l\000t\000r\000o\000w\000a\000n\000i\000e\000\040\000w\000e\000d\001\102\000u\000g\000\040\000d\000a\000t\000y\000\040\000i\000\040\000c\000e\000n\000y}{section.2.2}% 8
\BOOKMARK [1][-]{section.2.3}{\376\377\000P\000a\000n\000e\000l\000\040\000a\000d\000m\000i\000n\000i\000s\000t\000r\000a\000t\000o\000r\000a}{chapter.2}% 9
\BOOKMARK [1][-]{section.2.4}{\376\377\000W\000a\000l\000i\000d\000a\000c\000j\000a\000\040\000d\000a\000n\000y\000c\000h}{chapter.2}% 10
\BOOKMARK [0][-]{chapter.3}{\376\377\000S\000t\000r\000u\000k\000t\000u\000r\000a\000\040\000s\000y\000s\000t\000e\000m\000u\000\040\000i\000\040\000b\000a\000z\000a\000\040\000d\000a\000n\000y\000c\000h}{}% 11
\BOOKMARK [1][-]{section.3.1}{\376\377\000A\000r\000c\000h\000i\000t\000e\000k\000t\000u\000r\000a\000\040\000a\000p\000l\000i\000k\000a\000c\000j\000i}{chapter.3}% 12
\BOOKMARK [1][-]{section.3.2}{\376\377\000B\000a\000z\000a\000\040\000d\000a\000n\000y\000c\000h}{chapter.3}% 13
\BOOKMARK [2][-]{subsection.3.2.1}{\376\377\000T\000a\000b\000e\000l\000a\000\040\000u\000s\000e\000r\000s}{section.3.2}% 14
\BOOKMARK [2][-]{subsection.3.2.2}{\376\377\000T\000a\000b\000e\000l\000a\000\040\000o\000f\000f\000e\000r\000s}{section.3.2}% 15
\BOOKMARK [2][-]{subsection.3.2.3}{\376\377\000T\000a\000b\000e\000l\000a\000\040\000r\000e\000s\000e\000r\000v\000a\000t\000i\000o\000n\000s}{section.3.2}% 16
\BOOKMARK [1][-]{section.3.3}{\376\377\000D\000i\000a\000g\000r\000a\000m\000\040\000r\000e\000l\000a\000c\000j\000i\000\040\000e\000n\000c\000j\000i}{chapter.3}% 17
\BOOKMARK [1][-]{section.3.4}{\376\377\000O\000r\000g\000a\000n\000i\000z\000a\000c\000j\000a\000\040\000p\000a\000k\000i\000e\000t\000\363\000w\000\040\000i\000\040\000k\000l\000a\000s\000\040\000a\000p\000l\000i\000k\000a\000c\000j\000i}{chapter.3}% 18
\BOOKMARK [0][-]{chapter.4}{\376\377\000H\000a\000r\000m\000o\000n\000o\000g\000r\000a\000m\000,\000\040\000t\000e\000s\000t\000y\000\040\000i\000\040\000p\000o\000d\000s\000u\000m\000o\000w\000a\000n\000i\000e}{}% 19
\BOOKMARK [1][-]{section.4.1}{\376\377\000H\000a\000r\000m\000o\000n\000o\000g\000r\000a\000m\000\040\000r\000e\000a\000l\000i\000z\000a\000c\000j\000i\000\040\000p\000r\000o\000j\000e\000k\000t\000u}{chapter.4}% 20
\BOOKMARK [1][-]{section.4.2}{\376\377\000R\000e\000p\000o\000z\000y\000t\000o\000r\000i\000u\000m\000\040\000i\000\040\000w\000e\000r\000s\000j\000o\000n\000o\000w\000a\000n\000i\000e}{chapter.4}% 21
\BOOKMARK [1][-]{section.4.3}{\376\377\000T\000e\000s\000t\000o\000w\000a\000n\000i\000e\000\040\000a\000p\000l\000i\000k\000a\000c\000j\000i}{chapter.4}% 22
\BOOKMARK [2][-]{subsection.4.3.1}{\376\377\000W\000a\000l\000i\000d\000a\000c\000j\000a\000\040\000d\000a\000n\000y\000c\000h\000\040\000w\000e\000j\001\133\000c\000i\000o\000w\000y\000c\000h}{section.4.3}% 23
\BOOKMARK [2][-]{subsection.4.3.2}{\376\377\000P\000o\001\102\001\005\000c\000z\000e\000n\000i\000e\000\040\000z\000\040\000b\000a\000z\001\005\000\040\000d\000a\000n\000y\000c\000h}{section.4.3}% 24
\BOOKMARK [1][-]{section.4.4}{\376\377\000P\000o\000d\000s\000u\000m\000o\000w\000a\000n\000i\000e\000\040\000i\000\040\000w\000n\000i\000o\000s\000k\000i}{chapter.4}% 25
\BOOKMARK [1][-]{section.4.5}{\376\377\000P\000o\000z\000o\000s\000t\000a\001\102\000e\000\040\000w\000i\000d\000o\000k\000i\000\040\000a\000p\000l\000i\000k\000a\000c\000j\000i}{chapter.4}% 26
\BOOKMARK [1][-]{figure.caption.19}{\376\377\000B\000i\000b\000l\000i\000o\000g\000r\000a\000f\000i\000a}{chapter.4}% 27
\BOOKMARK [1][-]{chapter*.20}{\376\377\000S\000p\000i\000s\000\040\000r\000y\000s\000u\000n\000k\000\363\000w}{chapter.4}% 28
\BOOKMARK [1][-]{chapter*.20}{\376\377\000S\000p\000i\000s\000\040\000t\000a\000b\000e\000l}{chapter.4}% 29
\BOOKMARK [1][-]{chapter*.20}{\376\377\000S\000p\000i\000s\000\040\000l\000i\000s\000t\000i\000n\000g\000\363\000w}{chapter.4}% 30
\BOOKMARK [1][-]{chapter*.22}{\376\377\000O\001\133\000w\000i\000a\000d\000c\000z\000e\000n\000i\000e\000\040\000s\000t\000u\000d\000e\000n\000t\000a\000\040\000o\000\040\000s\000a\000m\000o\000d\000z\000i\000e\000l\000n\000o\001\133\000c\000i\000\040\000p\000r\000a\000c\000y}{chapter.4}% 31
